<?xml version="1.0" encoding="utf-8"?><testsuites name="pytest tests"><testsuite name="pytest" errors="0" failures="0" skipped="0" tests="43" time="9.070" timestamp="2026-05-10T10:28:06.637981+00:00" hostname="agent-env-53062e97-a42a-41c3-892a-6174f227dbd1"><testcase classname="backend.tests.test_new_features.TestPalette" name="test_palette_requires_auth" time="0.141" /><testcase classname="backend.tests.test_new_features.TestPalette" name="test_palette_extracts_red" time="0.409" /><testcase classname="backend.tests.test_new_features.TestPalette" name="test_palette_with_data_url_prefix" time="0.048" /><testcase classname="backend.tests.test_new_features.TestPalette" name="test_palette_invalid_image" time="0.045" /><testcase classname="backend.tests.test_new_features.TestTemplatesPublic" name="test_list_templates_no_auth" time="0.134" /><testcase classname="backend.tests.test_new_features.TestTemplatesPublic" name="test_official_seed_templates" time="0.104" /><testcase classname="backend.tests.test_new_features.TestTemplatesPublic" name="test_each_template_has_9_items_with_required_fields" time="0.106" /><testcase classname="backend.tests.test_new_features.TestTemplatesPublic" name="test_get_template_by_id" time="0.258" /><testcase classname="backend.tests.test_new_features.TestTemplatesPublic" name="test_get_template_404" time="0.137" /><testcase classname="backend.tests.test_new_features.TestTemplatesAuth" name="test_publish_requires_auth" time="0.106" /><testcase classname="backend.tests.test_new_features.TestTemplatesAuth" name="test_publish_rejects_non_9_items" time="0.047" /><testcase classname="backend.tests.test_new_features.TestTemplatesAuth" name="test_publish_user_template" time="0.048" /><testcase classname="backend.tests.test_new_features.TestTemplatesAuth" name="test_like_increments" time="0.161" /><testcase classname="backend.tests.test_new_features.TestTemplatesAuth" name="test_like_requires_auth" time="0.209" /><testcase classname="backend.tests.test_new_features.TestApplyTemplate" name="test_apply_fills_grid_and_clones_wardrobe" time="0.780" /><testcase classname="backend.tests.test_new_features.TestApplyTemplate" name="test_apply_to_someone_elses_trip_404" time="0.506" /><testcase classname="backend.tests.test_new_features.TestApplyTemplate" name="test_apply_unknown_template_404" time="0.133" /><testcase classname="backend.tests.test_packr_backend.TestHealth" name="test_root" time="0.042" /><testcase classname="backend.tests.test_packr_backend.TestAuth" name="test_register_new_user" time="0.267" /><testcase classname="backend.tests.test_packr_backend.TestAuth" name="test_register_duplicate_email_rejected" time="0.046" /><testcase classname="backend.tests.test_packr_backend.TestAuth" name="test_login_seeded_user" time="0.267" /><testcase classname="backend.tests.test_packr_backend.TestAuth" name="test_login_wrong_password" time="0.268" /><testcase classname="backend.tests.test_packr_backend.TestAuth" name="test_me_with_token" time="0.044" /><testcase classname="backend.tests.test_packr_backend.TestAuth" name="test_me_without_token" time="0.108" /><testcase classname="backend.tests.test_packr_backend.TestAuth" name="test_me_invalid_token" time="0.101" /><testcase classname="backend.tests.test_packr_backend.TestWardrobe" name="test_list_wardrobe" time="0.064" /><testcase classname="backend.tests.test_packr_backend.TestWardrobe" name="test_create_wardrobe_item" time="0.140" /><testcase classname="backend.tests.test_packr_backend.TestWardrobe" name="test_create_wardrobe_invalid_category" time="0.043" /><testcase classname="backend.tests.test_packr_backend.TestWardrobe" name="test_delete_wardrobe_removes_from_grid" time="1.149" /><testcase classname="backend.tests.test_packr_backend.TestWardrobe" name="test_wardrobe_requires_auth" time="0.125" /><testcase classname="backend.tests.test_packr_backend.TestTrips" name="test_list_trips" time="0.043" /><testcase classname="backend.tests.test_packr_backend.TestTrips" name="test_create_and_get_trip" time="0.128" /><testcase classname="backend.tests.test_packr_backend.TestTrips" name="test_grid_must_be_length_9" time="0.133" /><testcase classname="backend.tests.test_packr_backend.TestTrips" name="test_grid_update_persists" time="0.175" /><testcase classname="backend.tests.test_packr_backend.TestTrips" name="test_favorite_toggle" time="0.222" /><testcase classname="backend.tests.test_packr_backend.TestTrips" name="test_occasion_tag" time="0.136" /><testcase classname="backend.tests.test_packr_backend.TestTrips" name="test_checklist_update" time="0.155" /><testcase classname="backend.tests.test_packr_backend.TestTrips" name="test_extras_add_and_remove" time="0.182" /><testcase classname="backend.tests.test_packr_backend.TestTrips" name="test_trips_require_auth" time="0.103" /><testcase classname="backend.tests.test_packr_backend.TestGeoWeather" name="test_geocode_tokyo" time="0.696" /><testcase classname="backend.tests.test_packr_backend.TestGeoWeather" name="test_weather_14_day" time="0.559" /><testcase classname="backend.tests.test_packr_backend.TestIsolation" name="test_user_b_cannot_see_user_a_trips" time="0.273" /><testcase classname="backend.tests.test_packr_backend.TestIsolation" name="test_user_b_cannot_see_user_a_wardrobe" time="0.180" /></testsuite></testsuites>