<?xml version="1.0" encoding="utf-8"?><testsuites name="pytest tests"><testsuite name="pytest" errors="0" failures="1" skipped="0" tests="53" time="14.275" timestamp="2026-05-10T11:22:28.560238+00:00" hostname="agent-env-53062e97-a42a-41c3-892a-6174f227dbd1"><testcase classname="tests.test_iteration4.TestUserShape" name="test_register_returns_pro_and_airlines" time="0.492" /><testcase classname="tests.test_iteration4.TestUserShape" name="test_me_returns_pro_and_airlines" time="0.324" /><testcase classname="tests.test_iteration4.TestLikeIdempotency" name="test_double_like_no_increment" time="0.600" /><testcase classname="tests.test_iteration4.TestApplyCleanup" name="test_repeat_apply_keeps_wardrobe_bounded" time="0.937" /><testcase classname="tests.test_iteration4.TestPaletteGuard" name="test_small_image_works" time="0.383" /><testcase classname="tests.test_iteration4.TestPaletteGuard" name="test_oversized_payload_rejected" time="0.520" /><testcase classname="tests.test_iteration4.TestFreeTripCap" name="test_free_user_3rd_trip_402" time="0.515" /><testcase classname="tests.test_iteration4.TestPublishProGate" name="test_publish_requires_pro" time="0.433" /><testcase classname="tests.test_iteration4.TestMeProAirlines" name="test_upgrade_downgrade" time="0.373" /><testcase classname="tests.test_iteration4.TestMeProAirlines" name="test_add_airline_requires_pro" time="0.465" /><testcase classname="tests.test_new_features.TestPalette" name="test_palette_requires_auth" time="0.173" /><testcase classname="tests.test_new_features.TestPalette" name="test_palette_extracts_red" time="0.052" /><testcase classname="tests.test_new_features.TestPalette" name="test_palette_with_data_url_prefix" time="0.048" /><testcase classname="tests.test_new_features.TestPalette" name="test_palette_invalid_image" time="0.049" /><testcase classname="tests.test_new_features.TestTemplatesPublic" name="test_list_templates_no_auth" time="0.140" /><testcase classname="tests.test_new_features.TestTemplatesPublic" name="test_official_seed_templates" time="0.096" /><testcase classname="tests.test_new_features.TestTemplatesPublic" name="test_each_template_has_9_items_with_required_fields" time="0.136" /><testcase classname="tests.test_new_features.TestTemplatesPublic" name="test_get_template_by_id" time="0.284" /><testcase classname="tests.test_new_features.TestTemplatesPublic" name="test_get_template_404" time="0.146" /><testcase classname="tests.test_new_features.TestTemplatesAuth" name="test_publish_requires_auth" time="0.098" /><testcase classname="tests.test_new_features.TestTemplatesAuth" name="test_publish_rejects_non_9_items" time="0.049" /><testcase classname="tests.test_new_features.TestTemplatesAuth" name="test_publish_user_template" time="0.052" /><testcase classname="tests.test_new_features.TestTemplatesAuth" name="test_like_increments" time="0.147"><failure message="assert 417 == (417 + 1)">tests/test_new_features.py:150: in test_like_increments
    assert after == before + 1
E   assert 417 == (417 + 1)</failure></testcase><testcase classname="tests.test_new_features.TestTemplatesAuth" name="test_like_requires_auth" time="0.208" /><testcase classname="tests.test_new_features.TestApplyTemplate" name="test_apply_fills_grid_and_clones_wardrobe" time="0.822" /><testcase classname="tests.test_new_features.TestApplyTemplate" name="test_apply_to_someone_elses_trip_404" time="0.526" /><testcase classname="tests.test_new_features.TestApplyTemplate" name="test_apply_unknown_template_404" time="0.172" /><testcase classname="tests.test_packr_backend.TestHealth" name="test_root" time="0.054" /><testcase classname="tests.test_packr_backend.TestAuth" name="test_register_new_user" time="0.276" /><testcase classname="tests.test_packr_backend.TestAuth" name="test_register_duplicate_email_rejected" time="0.050" /><testcase classname="tests.test_packr_backend.TestAuth" name="test_login_seeded_user" time="0.271" /><testcase classname="tests.test_packr_backend.TestAuth" name="test_login_wrong_password" time="0.270" /><testcase classname="tests.test_packr_backend.TestAuth" name="test_me_with_token" time="0.047" /><testcase classname="tests.test_packr_backend.TestAuth" name="test_me_without_token" time="0.111" /><testcase classname="tests.test_packr_backend.TestAuth" name="test_me_invalid_token" time="0.136" /><testcase classname="tests.test_packr_backend.TestWardrobe" name="test_list_wardrobe" time="0.047" /><testcase classname="tests.test_packr_backend.TestWardrobe" name="test_create_wardrobe_item" time="0.151" /><testcase classname="tests.test_packr_backend.TestWardrobe" name="test_create_wardrobe_invalid_category" time="0.047" /><testcase classname="tests.test_packr_backend.TestWardrobe" name="test_delete_wardrobe_removes_from_grid" time="1.100" /><testcase classname="tests.test_packr_backend.TestWardrobe" name="test_wardrobe_requires_auth" time="0.122" /><testcase classname="tests.test_packr_backend.TestTrips" name="test_list_trips" time="0.049" /><testcase classname="tests.test_packr_backend.TestTrips" name="test_create_and_get_trip" time="0.152" /><testcase classname="tests.test_packr_backend.TestTrips" name="test_grid_must_be_length_9" time="0.178" /><testcase classname="tests.test_packr_backend.TestTrips" name="test_grid_update_persists" time="0.157" /><testcase classname="tests.test_packr_backend.TestTrips" name="test_favorite_toggle" time="0.206" /><testcase classname="tests.test_packr_backend.TestTrips" name="test_occasion_tag" time="0.176" /><testcase classname="tests.test_packr_backend.TestTrips" name="test_checklist_update" time="0.150" /><testcase classname="tests.test_packr_backend.TestTrips" name="test_extras_add_and_remove" time="0.201" /><testcase classname="tests.test_packr_backend.TestTrips" name="test_trips_require_auth" time="0.125" /><testcase classname="tests.test_packr_backend.TestGeoWeather" name="test_geocode_tokyo" time="0.765" /><testcase classname="tests.test_packr_backend.TestGeoWeather" name="test_weather_14_day" time="0.562" /><testcase classname="tests.test_packr_backend.TestIsolation" name="test_user_b_cannot_see_user_a_trips" time="0.320" /><testcase classname="tests.test_packr_backend.TestIsolation" name="test_user_b_cannot_see_user_a_wardrobe" time="0.207" /></testsuite></testsuites>