<?xml version="1.0" encoding="utf-8"?><testsuites name="pytest tests"><testsuite name="pytest" errors="0" failures="0" skipped="0" tests="17" time="3.759" timestamp="2026-05-10T10:27:59.214581+00:00" hostname="agent-env-53062e97-a42a-41c3-892a-6174f227dbd1"><testcase classname="backend.tests.test_new_features.TestPalette" name="test_palette_requires_auth" time="0.277" /><testcase classname="backend.tests.test_new_features.TestPalette" name="test_palette_extracts_red" time="0.479" /><testcase classname="backend.tests.test_new_features.TestPalette" name="test_palette_with_data_url_prefix" time="0.056" /><testcase classname="backend.tests.test_new_features.TestPalette" name="test_palette_invalid_image" time="0.052" /><testcase classname="backend.tests.test_new_features.TestTemplatesPublic" name="test_list_templates_no_auth" time="0.101" /><testcase classname="backend.tests.test_new_features.TestTemplatesPublic" name="test_official_seed_templates" time="0.100" /><testcase classname="backend.tests.test_new_features.TestTemplatesPublic" name="test_each_template_has_9_items_with_required_fields" time="0.137" /><testcase classname="backend.tests.test_new_features.TestTemplatesPublic" name="test_get_template_by_id" time="0.251" /><testcase classname="backend.tests.test_new_features.TestTemplatesPublic" name="test_get_template_404" time="0.109" /><testcase classname="backend.tests.test_new_features.TestTemplatesAuth" name="test_publish_requires_auth" time="0.096" /><testcase classname="backend.tests.test_new_features.TestTemplatesAuth" name="test_publish_rejects_non_9_items" time="0.049" /><testcase classname="backend.tests.test_new_features.TestTemplatesAuth" name="test_publish_user_template" time="0.052" /><testcase classname="backend.tests.test_new_features.TestTemplatesAuth" name="test_like_increments" time="0.200" /><testcase classname="backend.tests.test_new_features.TestTemplatesAuth" name="test_like_requires_auth" time="0.199" /><testcase classname="backend.tests.test_new_features.TestApplyTemplate" name="test_apply_fills_grid_and_clones_wardrobe" time="0.870" /><testcase classname="backend.tests.test_new_features.TestApplyTemplate" name="test_apply_to_someone_elses_trip_404" time="0.522" /><testcase classname="backend.tests.test_new_features.TestApplyTemplate" name="test_apply_unknown_template_404" time="0.148" /></testsuite></testsuites>