<?xml version="1.0" encoding="utf-8"?><testsuites name="pytest tests"><testsuite name="pytest" errors="0" failures="0" skipped="0" tests="26" time="6.378" timestamp="2026-05-10T10:14:38.201017+00:00" hostname="agent-env-53062e97-a42a-41c3-892a-6174f227dbd1"><testcase classname="backend.tests.test_packr_backend.TestHealth" name="test_root" time="0.159" /><testcase classname="backend.tests.test_packr_backend.TestAuth" name="test_register_new_user" time="0.278" /><testcase classname="backend.tests.test_packr_backend.TestAuth" name="test_register_duplicate_email_rejected" time="0.049" /><testcase classname="backend.tests.test_packr_backend.TestAuth" name="test_login_seeded_user" time="0.268" /><testcase classname="backend.tests.test_packr_backend.TestAuth" name="test_login_wrong_password" time="0.268" /><testcase classname="backend.tests.test_packr_backend.TestAuth" name="test_me_with_token" time="0.315" /><testcase classname="backend.tests.test_packr_backend.TestAuth" name="test_me_without_token" time="0.117" /><testcase classname="backend.tests.test_packr_backend.TestAuth" name="test_me_invalid_token" time="0.350" /><testcase classname="backend.tests.test_packr_backend.TestWardrobe" name="test_list_wardrobe" time="0.046" /><testcase classname="backend.tests.test_packr_backend.TestWardrobe" name="test_create_wardrobe_item" time="0.138" /><testcase classname="backend.tests.test_packr_backend.TestWardrobe" name="test_create_wardrobe_invalid_category" time="0.046" /><testcase classname="backend.tests.test_packr_backend.TestWardrobe" name="test_delete_wardrobe_removes_from_grid" time="1.035" /><testcase classname="backend.tests.test_packr_backend.TestWardrobe" name="test_wardrobe_requires_auth" time="0.100" /><testcase classname="backend.tests.test_packr_backend.TestTrips" name="test_list_trips" time="0.045" /><testcase classname="backend.tests.test_packr_backend.TestTrips" name="test_create_and_get_trip" time="0.137" /><testcase classname="backend.tests.test_packr_backend.TestTrips" name="test_grid_must_be_length_9" time="0.134" /><testcase classname="backend.tests.test_packr_backend.TestTrips" name="test_grid_update_persists" time="0.143" /><testcase classname="backend.tests.test_packr_backend.TestTrips" name="test_favorite_toggle" time="0.184" /><testcase classname="backend.tests.test_packr_backend.TestTrips" name="test_occasion_tag" time="0.137" /><testcase classname="backend.tests.test_packr_backend.TestTrips" name="test_checklist_update" time="0.139" /><testcase classname="backend.tests.test_packr_backend.TestTrips" name="test_extras_add_and_remove" time="0.185" /><testcase classname="backend.tests.test_packr_backend.TestTrips" name="test_trips_require_auth" time="0.101" /><testcase classname="backend.tests.test_packr_backend.TestGeoWeather" name="test_geocode_tokyo" time="0.645" /><testcase classname="backend.tests.test_packr_backend.TestGeoWeather" name="test_weather_14_day" time="0.565" /><testcase classname="backend.tests.test_packr_backend.TestIsolation" name="test_user_b_cannot_see_user_a_trips" time="0.549" /><testcase classname="backend.tests.test_packr_backend.TestIsolation" name="test_user_b_cannot_see_user_a_wardrobe" time="0.184" /></testsuite></testsuites>